app/build/intermediates/manifest_merge_blame_file/debug/manifest-merger-blame-debug-report.txt
1<?xml version="1.0" encoding="utf-8"?>
2<manifest xmlns:android="http://schemas.android.com/apk/res/android"
3    package="com.tencent.ncnnyolox"
4    android:versionCode="1"
5    android:versionName="1.1" >
6
7    <uses-sdk
8        android:minSdkVersion="24"
8-->src/main/AndroidManifest.xml
9        android:targetSdkVersion="24" />
9-->src/main/AndroidManifest.xml
10
11    <uses-permission android:name="android.permission.CAMERA" />
11-->src/main/AndroidManifest.xml:6:5-65
11-->src/main/AndroidManifest.xml:6:22-62
12
13    <uses-feature android:name="android.hardware.camera2.full" />
13-->src/main/AndroidManifest.xml:7:5-66
13-->src/main/AndroidManifest.xml:7:19-63
14
15    <application
15-->src/main/AndroidManifest.xml:9:5-20:19
16        android:appComponentFactory="androidx.core.app.CoreComponentFactory"
16-->[androidx.core:core:1.8.0] AndroidManifest.xml:24:18-86
17        android:debuggable="true"
18        android:extractNativeLibs="false"
19        android:label="@string/app_name"
19-->src/main/AndroidManifest.xml:11:9-41
20        android:theme="@style/Theme.AppCompat.Light" >
20-->src/main/AndroidManifest.xml:10:9-53
21        <activity
21-->src/main/AndroidManifest.xml:12:9-19:20
22            android:name="com.tencent.ncnnyolox.MainActivity"
22-->src/main/AndroidManifest.xml:12:19-46
23            android:label="@string/app_name"
23-->src/main/AndroidManifest.xml:13:19-51
24            android:screenOrientation="portrait" >
24-->src/main/AndroidManifest.xml:14:19-55
25            <intent-filter>
25-->src/main/AndroidManifest.xml:15:13-18:29
26                <action android:name="android.intent.action.MAIN" />
26-->src/main/AndroidManifest.xml:16:17-69
26-->src/main/AndroidManifest.xml:16:25-66
27
28                <category android:name="android.intent.category.LAUNCHER" />
28-->src/main/AndroidManifest.xml:17:17-77
28-->src/main/AndroidManifest.xml:17:27-74
29            </intent-filter>
30        </activity>
31
32        <provider
32-->[androidx.emoji2:emoji2:1.0.0] AndroidManifest.xml:26:9-34:20
33            android:name="androidx.startup.InitializationProvider"
33-->[androidx.emoji2:emoji2:1.0.0] AndroidManifest.xml:27:13-67
34            android:authorities="com.tencent.ncnnyolox.androidx-startup"
34-->[androidx.emoji2:emoji2:1.0.0] AndroidManifest.xml:28:13-68
35            android:exported="false" >
35-->[androidx.emoji2:emoji2:1.0.0] AndroidManifest.xml:29:13-37
36            <meta-data
36-->[androidx.emoji2:emoji2:1.0.0] AndroidManifest.xml:31:13-33:52
37                android:name="androidx.emoji2.text.EmojiCompatInitializer"
37-->[androidx.emoji2:emoji2:1.0.0] AndroidManifest.xml:32:17-75
38                android:value="androidx.startup" />
38-->[androidx.emoji2:emoji2:1.0.0] AndroidManifest.xml:33:17-49
39            <meta-data
39-->[androidx.lifecycle:lifecycle-process:2.4.0] AndroidManifest.xml:31:13-33:52
40                android:name="androidx.lifecycle.ProcessLifecycleInitializer"
40-->[androidx.lifecycle:lifecycle-process:2.4.0] AndroidManifest.xml:32:17-78
41                android:value="androidx.startup" />
41-->[androidx.lifecycle:lifecycle-process:2.4.0] AndroidManifest.xml:33:17-49
42        </provider>
43
44        <uses-library
44-->[androidx.window:window:1.0.0] AndroidManifest.xml:25:9-27:40
45            android:name="androidx.window.extensions"
45-->[androidx.window:window:1.0.0] AndroidManifest.xml:26:13-54
46            android:required="false" />
46-->[androidx.window:window:1.0.0] AndroidManifest.xml:27:13-37
47        <uses-library
47-->[androidx.window:window:1.0.0] AndroidManifest.xml:28:9-30:40
48            android:name="androidx.window.sidecar"
48-->[androidx.window:window:1.0.0] AndroidManifest.xml:29:13-51
49            android:required="false" />
49-->[androidx.window:window:1.0.0] AndroidManifest.xml:30:13-37
50    </application>
51
52</manifest>